[Sat Jan 10 20:31:24 2009] Mapliste libre
[Sat Jan 10 20:31:24 2009] Burst libre
[Sat Jan 10 20:39:07 2009] Mapliste libre
[Sat Jan 10 20:39:07 2009] Burst libre
[Sat Jan 10 20:40:44 2009] Hublist libre
[Sat Jan 10 20:40:44 2009] Nicklist libre
[Sat Jan 10 20:40:44 2009] Mapliste libre
[Sat Jan 10 20:40:44 2009] Burst libre
[Sat Jan 10 20:47:43 2009] Mapliste libre
[Sat Jan 10 20:47:43 2009] Burst libre
[Sat Jan 10 20:52:17 2009] Mapliste libre
[Sat Jan 10 20:52:17 2009] Burst libre
[Sat Jan 10 20:58:07 2009] Mapliste libre
[Sat Jan 10 20:58:07 2009] Burst libre
[Sat Jan 10 21:01:29 2009] Hublist libre
[Sat Jan 10 21:01:29 2009] Nicklist libre
[Sat Jan 10 21:01:29 2009] Mapliste libre
[Sat Jan 10 21:01:29 2009] Burst libre
[Sat Jan 10 21:03:00 2009] Mapliste libre
[Sat Jan 10 21:03:00 2009] Burst libre
[Sat Jan 10 21:05:16 2009] Hublist libre
[Sat Jan 10 21:05:16 2009] Nicklist libre
[Sat Jan 10 21:05:17 2009] Mapliste libre
[Sat Jan 10 21:05:17 2009] Burst libre
[Sat Jan 10 21:15:21 2009] Mapliste libre
[Sat Jan 10 21:15:21 2009] Burst libre
[Sat Jan 10 21:27:33 2009] Mapliste libre
[Sat Jan 10 21:27:33 2009] Burst libre
[Sat Jan 10 21:30:09 2009] Mapliste libre
[Sat Jan 10 21:30:09 2009] Burst libre
[Sat Jan 10 21:36:12 2009] Mapliste libre
[Sat Jan 10 21:36:12 2009] Burst libre
[Sat Jan 10 21:40:23 2009] Mapliste libre
[Sat Jan 10 21:40:23 2009] Burst libre
[Sat Jan 10 21:42:51 2009] Mapliste libre
[Sat Jan 10 21:42:51 2009] Burst libre
[Sat Jan 10 21:48:09 2009] Mapliste libre
[Sat Jan 10 21:48:09 2009] Burst libre
[Sat Jan 10 21:57:54 2009] Mapliste libre
[Sat Jan 10 21:57:54 2009] Burst libre
[Sat Jan 10 22:00:56 2009] Mapliste libre
[Sat Jan 10 22:00:56 2009] Burst libre
[Sat Jan 10 22:09:24 2009] Mapliste libre
[Sat Jan 10 22:09:24 2009] Burst libre
[Sat Jan 10 22:12:30 2009] Mapliste libre
[Sat Jan 10 22:12:30 2009] Burst libre
[Sat Jan 10 22:21:57 2009] Mapliste libre
[Sat Jan 10 22:21:57 2009] Burst libre
[Sat Jan 10 22:25:32 2009] Mapliste libre
[Sat Jan 10 22:25:32 2009] Burst libre
[Sat Jan 10 22:26:38 2009] Hublist libre
[Sat Jan 10 22:26:38 2009] Nicklist libre
[Sat Jan 10 22:26:38 2009] Mapliste libre
[Sat Jan 10 22:26:38 2009] Burst libre
[Sat Jan 10 22:28:17 2009] Mapliste libre
[Sat Jan 10 22:28:17 2009] Burst libre
[Sat Jan 10 22:32:11 2009] Mapliste libre
[Sat Jan 10 22:32:11 2009] Burst libre
[Sat Jan 10 22:34:24 2009] Mapliste libre
[Sat Jan 10 22:34:24 2009] Burst libre
[Tue Oct 15 14:41:29 2013] Mapliste libre
[Tue Oct 15 14:41:29 2013] Burst libre
[Tue Oct 15 15:18:32 2013] Mapliste libre
[Tue Oct 15 15:26:51 2013] Mapliste libre
[Tue Oct 15 15:28:35 2013] Mapliste libre
[Tue Oct 15 15:28:35 2013] Templist libre
[Tue Oct 15 15:28:36 2013] Mapliste libre
[Tue Oct 15 15:37:28 2013] Mapliste libre
[Tue Oct 15 15:48:23 2013] Mapliste libre
[Tue Oct 15 15:48:23 2013] Templist libre
[Tue Oct 15 15:48:50 2013] Mapliste libre
[Tue Oct 15 15:53:06 2013] Mapliste libre
[Tue Oct 15 15:53:06 2013] Templist libre
[Tue Oct 15 15:53:08 2013] Mapliste libre
[Tue Oct 15 16:02:07 2013] Mapliste libre
[Tue Oct 15 16:02:07 2013] Templist libre
[Tue Oct 15 16:02:33 2013] Mapliste libre
[Tue Oct 15 16:11:55 2013] Mapliste libre
[Tue Oct 15 16:11:55 2013] Templist libre
[Tue Oct 15 16:28:32 2013] Mapliste libre
[Tue Oct 15 16:28:32 2013] Burst libre
[Tue Oct 15 16:37:04 2013] Mapliste libre
[Tue Oct 15 16:37:04 2013] Burst libre
[Tue Oct 15 16:46:51 2013] Mapliste libre
[Tue Oct 15 16:46:51 2013] Mapliste libre
[Tue Oct 15 16:46:51 2013] Templist libre
[Tue Oct 15 16:48:37 2013] Mapliste libre
[Tue Oct 15 16:48:45 2013] Mapliste libre
[Tue Oct 15 16:48:45 2013] Templist libre
[Tue Oct 15 16:48:45 2013] Mapliste libre
[Tue Oct 15 17:17:40 2013] Mapliste libre
[Tue Oct 15 17:17:40 2013] Burst libre
[Tue Oct 15 17:44:37 2013] Mapliste libre
[Tue Oct 15 17:44:37 2013] Burst libre
[Tue Oct 15 17:49:29 2013] Hublist libre
[Tue Oct 15 17:49:29 2013] Nicklist libre
[Tue Oct 15 17:49:29 2013] Mapliste libre
[Tue Oct 15 17:49:29 2013] Burst libre
[Tue Oct 15 17:50:09 2013] Mapliste libre
[Tue Oct 15 17:50:09 2013] Burst libre
[Tue Oct 15 17:52:41 2013] Hublist libre
[Tue Oct 15 17:52:41 2013] Nicklist libre
[Tue Oct 15 17:52:41 2013] Mapliste libre
[Tue Oct 15 17:52:41 2013] Burst libre
[Tue Oct 15 18:00:31 2013] Mapliste libre
[Tue Oct 15 18:00:31 2013] Burst libre
[Tue Oct 15 21:38:24 2013] Mapliste libre
[Tue Oct 15 21:38:24 2013] Burst libre
[Tue Oct 15 22:25:43 2013] Mapliste libre
[Tue Oct 15 22:25:43 2013] Burst libre
[Wed Oct 16 19:49:29 2013] Mapliste libre
[Wed Oct 16 19:49:29 2013] Burst libre
[Wed Oct 16 19:56:45 2013] Mapliste libre
[Wed Oct 16 20:10:06 2013] Hublist libre
[Wed Oct 16 20:10:06 2013] Nicklist libre
[Wed Oct 16 20:10:06 2013] Mapliste libre
[Wed Oct 16 20:10:06 2013] Burst libre
[Wed Oct 16 20:11:01 2013] Mapliste libre
[Wed Oct 16 20:11:01 2013] Burst libre
[Wed Oct 16 20:12:58 2013] Mapliste libre
[Wed Oct 16 20:12:58 2013] Burst libre
[Wed Oct 16 20:36:00 2013] Mapliste libre
[Wed Oct 16 20:36:00 2013] Burst libre
[Wed Oct 16 21:00:46 2013] Mapliste libre
[Wed Oct 16 21:09:37 2013] Mapliste libre
[Wed Oct 16 21:11:46 2013] Mapliste libre
[Wed Oct 16 21:19:23 2013] Mapliste libre
[Wed Oct 16 21:19:23 2013] Templist libre
[Wed Oct 16 21:21:00 2013] Mapliste libre
[Wed Oct 16 21:49:39 2013] Mapliste libre
[Wed Oct 16 21:49:39 2013] Templist libre
[Wed Oct 16 21:50:57 2013] Mapliste libre
[Wed Oct 16 22:20:41 2013] Mapliste libre
[Wed Oct 16 22:20:41 2013] Burst libre
[Wed Oct 16 22:59:38 2013] Mapliste libre
[Wed Oct 16 22:59:38 2013] Templist libre
[Thu Oct 17 22:23:41 2013] Mail-liste libre
[Fri Oct 18 22:26:41 2013] Mail-liste libre
[Sat Oct 19 22:29:41 2013] Mail-liste libre
[Sun Oct 20 22:32:41 2013] Mail-liste libre
[Sun Oct 20 23:16:14 2013] Mapliste libre
[Sun Oct 20 23:16:14 2013] Templist libre
[Sun Oct 20 23:16:20 2013] Mapliste libre
[Sun Oct 20 23:16:20 2013] Templist libre
