[Sat Jan 10 20:38:32 2009] Salon #!accueil! purgé, par SnT|OqP raison -  .
[Sat Jan 10 20:45:22 2009] Salon #!accueil! purgé, par SnT|OqP raison -  .
[Sat Jan 10 20:48:07 2009] Salon #!accueil! purgé, par SnT|OqP raison -  .
[Sat Jan 10 20:52:33 2009] Salon #!accueil! purgé, par SnT|OqP raison -  .
[Sat Jan 10 20:53:04 2009] Salon #!accueil! purgé, par SnT|OqP raison -  .
[Sat Jan 10 21:03:14 2009] Salon #!accueil! purgé, par SnT|OqP raison -  .
[Sat Jan 10 21:27:49 2009] Salon #!accueil! purgé, par SnT|OqP raison -  .
[Sat Jan 10 21:30:21 2009] Salon #!accueil! purgé, par SnT|OqP raison -  .
[Sat Jan 10 21:36:25 2009] Salon #!accueil! purgé, par SnT|OqP raison -  .
[Sat Jan 10 21:40:33 2009] Salon #!accueil! purgé, par SnT|OqP raison -  .
[Sat Jan 10 21:42:59 2009] Salon #!accueil! purgé, par SnT|OqP raison -  .
[Sat Jan 10 21:47:43 2009] Salon #!accueil! purgé, par SnT|OqP raison -  .
[Sat Jan 10 21:56:38 2009] Salon #!accueil! purgé, par SnT|OqP raison -  .
[Sat Jan 10 21:58:53 2009] Salon #!accueil! purgé, par SnT|OqP raison -  .
[Sat Jan 10 22:09:16 2009] Salon #!accueil! purgé, par SnT|OqP raison -  .
[Sat Jan 10 22:10:35 2009] Salon #!accueil! purgé, par SnT|OqP raison -  .
[Sat Jan 10 22:13:45 2009] Salon #!accueil! purgé, par SnT|OqP raison -  .
[Sat Jan 10 22:22:11 2009] Salon #!accueil! purgé, par SnT|OqP raison -  .
[Sat Jan 10 22:23:51 2009] Salon #!accueil! purgé, par SnT|OqP raison -  je vous encules.
[Sat Jan 10 22:25:45 2009] Salon #!accueil! purgé, par SnT|OqP raison -  test de purge.
[Tue Oct 15 18:01:05 2013] Salon #accueil purgé, par KoolCain raison -  test
[Tue Oct 15 21:41:35 2013] Salon #!accueil! purgé, par KoolCain raison -  purge
